2018-03-28 12:53:42,570 - Loaded System Directive: org.apache.velocity.runtime.directive.Evaluate
2018-03-28 12:53:42,573 - Loaded System Directive: org.apache.velocity.runtime.directive.Literal
2018-03-28 12:53:42,578 - Loaded System Directive: org.apache.velocity.runtime.directive.Macro
2018-03-28 12:53:42,585 - Loaded System Directive: org.apache.velocity.runtime.directive.Parse
2018-03-28 12:53:42,588 - Loaded System Directive: org.apache.velocity.runtime.directive.Include
2018-03-28 12:53:42,591 - Loaded System Directive: org.apache.velocity.runtime.directive.Foreach
2018-03-28 12:53:42,663 - Created '20' parsers.
2018-03-28 12:53:42,685 - Velocimacro : initialization starting.
2018-03-28 12:53:42,685 - Velocimacro : "velocimacro.library" is not set.  Trying default library: VM_global_library.vm
2018-03-28 12:53:42,694 - Velocimacro : Default library not found.
2018-03-28 12:53:42,694 - Velocimacro : allowInline = true : VMs can be defined inline in templates
2018-03-28 12:53:42,695 - Velocimacro : allowInlineToOverride = false : VMs defined inline may NOT replace previous VM definitions
2018-03-28 12:53:42,695 - Velocimacro : allowInlineLocal = false : VMs defined inline will be global in scope if allowed.
2018-03-28 12:53:42,695 - Velocimacro : autoload off : VM system will not automatically reload global library macros
2018-03-28 12:53:42,695 - Velocimacro : Velocimacro : initialization complete.
2018-03-28 12:53:42,695 - RuntimeInstance successfully initialized.
2018-03-28 12:53:42,763 - ResourceManager : found doc/ControlDocument.vm with loader org.apache.velocity.runtime.resource.loader.FileResourceLoader
2018-03-28 12:53:43,155 - Velocimacro : added VM escapeDecommentJsonComment: source=doc/html/datamodel.vm
2018-03-28 12:53:43,156 - ResourceManager : found doc/html/datamodel.vm with loader org.apache.velocity.runtime.resource.loader.FileResourceLoader
2018-03-28 12:53:43,241 - ResourceManager : found doc/html/table.vm with loader org.apache.velocity.runtime.resource.loader.FileResourceLoader
2018-03-28 12:53:43,762 - ResourceManager : found doc/html/table.vm with loader org.apache.velocity.runtime.resource.loader.FileResourceLoader
2018-03-28 12:53:43,785 - ResourceManager : found doc/html/table.vm with loader org.apache.velocity.runtime.resource.loader.FileResourceLoader
2018-03-28 12:53:43,846 - ResourceManager : found doc/html/diffmodel.vm with loader org.apache.velocity.runtime.resource.loader.FileResourceLoader
2018-03-28 12:53:51,622 - 
2018-03-28 12:53:51,622 - DfFlutistLog4JLogSystem initialized using logfile './log/velocity.log'
2018-03-28 12:53:51,622 - Initializing Velocity, Calling init()...
2018-03-28 12:53:51,622 - *******************************************************************
2018-03-28 12:53:51,622 - Starting Apache Velocity v1.7 (compiled: 2010-11-19 12:14:37)
2018-03-28 12:53:51,622 - RuntimeInstance initializing.
2018-03-28 12:53:51,622 - Default Properties File: org\apache\velocity\runtime\defaults\velocity.properties
2018-03-28 12:53:51,622 - Trying to use logger class org.dbflute.friends.velocity.DfFlutistLog4JLogSystem
2018-03-28 12:53:51,622 - Using logger class org.dbflute.friends.velocity.DfFlutistLog4JLogSystem
2018-03-28 12:53:51,629 - Default ResourceManager initializing. (class org.apache.velocity.runtime.resource.ResourceManagerImpl)
2018-03-28 12:53:51,639 - ResourceLoader instantiated: org.apache.velocity.runtime.resource.loader.FileResourceLoader
2018-03-28 12:53:51,644 - FileResourceLoader : initialization starting.
2018-03-28 12:53:51,644 - Do unicode file recognition:  false
2018-03-28 12:53:51,644 - FileResourceLoader : adding path 'C:\pleiades\workspace\Aiolos\mydbflute\dbflute-1.1.6\templates'
2018-03-28 12:53:51,644 - FileResourceLoader : initialization complete.
2018-03-28 12:53:51,665 - ResourceCache: initialized (class org.apache.velocity.runtime.resource.ResourceCacheImpl) with class java.util.Collections$SynchronizedMap cache map.
2018-03-28 12:53:51,665 - Default ResourceManager initialization complete.
2018-03-28 12:53:51,669 - Loaded System Directive: org.apache.velocity.runtime.directive.Stop
2018-03-28 12:53:51,674 - Loaded System Directive: org.apache.velocity.runtime.directive.Define
2018-03-28 12:53:51,677 - Loaded System Directive: org.apache.velocity.runtime.directive.Break
2018-03-28 12:53:51,679 - Loaded System Directive: org.apache.velocity.runtime.directive.Evaluate
2018-03-28 12:53:51,681 - Loaded System Directive: org.apache.velocity.runtime.directive.Literal
2018-03-28 12:53:51,686 - Loaded System Directive: org.apache.velocity.runtime.directive.Macro
2018-03-28 12:53:51,690 - Loaded System Directive: org.apache.velocity.runtime.directive.Parse
2018-03-28 12:53:51,695 - Loaded System Directive: org.apache.velocity.runtime.directive.Include
2018-03-28 12:53:51,698 - Loaded System Directive: org.apache.velocity.runtime.directive.Foreach
2018-03-28 12:53:51,769 - Created '20' parsers.
2018-03-28 12:53:51,796 - Velocimacro : initialization starting.
2018-03-28 12:53:51,796 - Velocimacro : "velocimacro.library" is not set.  Trying default library: VM_global_library.vm
2018-03-28 12:53:51,796 - Velocimacro : Default library not found.
2018-03-28 12:53:51,796 - Velocimacro : allowInline = true : VMs can be defined inline in templates
2018-03-28 12:53:51,797 - Velocimacro : allowInlineToOverride = false : VMs defined inline may NOT replace previous VM definitions
2018-03-28 12:53:51,797 - Velocimacro : allowInlineLocal = false : VMs defined inline will be global in scope if allowed.
2018-03-28 12:53:51,797 - Velocimacro : autoload off : VM system will not automatically reload global library macros
2018-03-28 12:53:51,797 - Velocimacro : Velocimacro : initialization complete.
2018-03-28 12:53:51,797 - RuntimeInstance successfully initialized.
2018-03-28 12:53:51,983 - ResourceManager : found om/ControlGenerateJava.vm with loader org.apache.velocity.runtime.resource.loader.FileResourceLoader
2018-03-28 12:53:52,400 - ResourceManager : found om/java/allcommon/DBCurrent.vm with loader org.apache.velocity.runtime.resource.loader.FileResourceLoader
2018-03-28 12:53:52,501 - ResourceManager : found om/java/allcommon/DBFluteConfig.vm with loader org.apache.velocity.runtime.resource.loader.FileResourceLoader
2018-03-28 12:53:52,510 - Null reference [template 'om/java/allcommon/DBFluteConfig.vm', line 1144, column 59] : $PoolGuardConnectionWrapper cannot be resolved.
2018-03-28 12:53:52,531 - ResourceManager : found om/java/allcommon/DBFluteInitializer.vm with loader org.apache.velocity.runtime.resource.loader.FileResourceLoader
2018-03-28 12:53:52,559 - ResourceManager : found om/java/allcommon/DBMetaInstanceHandler.vm with loader org.apache.velocity.runtime.resource.loader.FileResourceLoader
2018-03-28 12:53:52,606 - ResourceManager : found om/java/allcommon/EntityDefinedCommonColumn.vm with loader org.apache.velocity.runtime.resource.loader.FileResourceLoader
2018-03-28 12:53:52,673 - ResourceManager : found om/java/allcommon/ImplementedBehaviorSelector.vm with loader org.apache.velocity.runtime.resource.loader.FileResourceLoader
2018-03-28 12:53:52,719 - ResourceManager : found om/java/allcommon/ImplementedCommonColumnAutoSetupper.vm with loader org.apache.velocity.runtime.resource.loader.FileResourceLoader
2018-03-28 12:53:52,744 - ResourceManager : found om/java/allcommon/ImplementedInvokerAssistant.vm with loader org.apache.velocity.runtime.resource.loader.FileResourceLoader
2018-03-28 12:53:52,775 - ResourceManager : found om/java/allcommon/ImplementedSqlClauseCreator.vm with loader org.apache.velocity.runtime.resource.loader.FileResourceLoader
2018-03-28 12:53:52,793 - ResourceManager : found om/java/allcommon/container/spring/SpringDBFluteBeans.vm with loader org.apache.velocity.runtime.resource.loader.FileResourceLoader
2018-03-28 12:53:52,867 - Null reference [template 'om/ControlGenerateJava.vm', line 293, column 38] : ${glPackageExtendedDao} cannot be resolved.
2018-03-28 12:53:52,867 - Null reference [template 'om/ControlGenerateJava.vm', line 296, column 34] : ${glPackageBaseDao} cannot be resolved.
2018-03-28 12:53:52,946 - ResourceManager : found om/java/bsbhv/BaseBhv.vm with loader org.apache.velocity.runtime.resource.loader.FileResourceLoader
2018-03-28 12:53:53,008 - ResourceManager : found om/java/bsbhv/ReferrerLoader.vm with loader org.apache.velocity.runtime.resource.loader.FileResourceLoader
2018-03-28 12:53:53,066 - ResourceManager : found om/java/bsentity/BaseEntity.vm with loader org.apache.velocity.runtime.resource.loader.FileResourceLoader
2018-03-28 12:53:53,125 - ResourceManager : found om/java/bsentity/dbmeta/DBMetaImpl.vm with loader org.apache.velocity.runtime.resource.loader.FileResourceLoader
2018-03-28 12:53:53,637 - ResourceManager : found om/java/cbean/BsConditionBean.vm with loader org.apache.velocity.runtime.resource.loader.FileResourceLoader
2018-03-28 12:53:53,747 - ResourceManager : found om/java/cbean/AbstractBsConditionQuery.vm with loader org.apache.velocity.runtime.resource.loader.FileResourceLoader
2018-03-28 12:53:53,750 - RHS of #set statement is null. Context will not be modified. om/java/cbean/AbstractBsConditionQuery.vm[line 70, column 1]
2018-03-28 12:53:53,758 - RHS of #set statement is null. Context will not be modified. om/java/cbean/AbstractBsConditionQuery.vm[line 70, column 1]
2018-03-28 12:53:53,764 - RHS of #set statement is null. Context will not be modified. om/java/cbean/AbstractBsConditionQuery.vm[line 70, column 1]
2018-03-28 12:53:53,768 - RHS of #set statement is null. Context will not be modified. om/java/cbean/AbstractBsConditionQuery.vm[line 70, column 1]
2018-03-28 12:53:53,794 - ResourceManager : found om/java/cbean/BsConditionInlineQuery.vm with loader org.apache.velocity.runtime.resource.loader.FileResourceLoader
2018-03-28 12:53:53,795 - RHS of #set statement is null. Context will not be modified. om/java/cbean/BsConditionInlineQuery.vm[line 84, column 1]
2018-03-28 12:53:53,795 - RHS of #set statement is null. Context will not be modified. om/java/cbean/BsConditionInlineQuery.vm[line 84, column 1]
2018-03-28 12:53:53,795 - RHS of #set statement is null. Context will not be modified. om/java/cbean/BsConditionInlineQuery.vm[line 84, column 1]
2018-03-28 12:53:53,797 - RHS of #set statement is null. Context will not be modified. om/java/cbean/BsConditionInlineQuery.vm[line 84, column 1]
2018-03-28 12:53:53,838 - ResourceManager : found om/java/cbean/BsConditionQuery.vm with loader org.apache.velocity.runtime.resource.loader.FileResourceLoader
2018-03-28 12:53:53,840 - RHS of #set statement is null. Context will not be modified. om/java/cbean/BsConditionQuery.vm[line 104, column 1]
2018-03-28 12:53:53,841 - RHS of #set statement is null. Context will not be modified. om/java/cbean/BsConditionQuery.vm[line 104, column 1]
2018-03-28 12:53:53,842 - RHS of #set statement is null. Context will not be modified. om/java/cbean/BsConditionQuery.vm[line 104, column 1]
2018-03-28 12:53:53,842 - RHS of #set statement is null. Context will not be modified. om/java/cbean/BsConditionQuery.vm[line 104, column 1]
2018-03-28 12:53:53,863 - ResourceManager : found om/java/cbean/NestSelectSetupper.vm with loader org.apache.velocity.runtime.resource.loader.FileResourceLoader
2018-03-28 12:53:53,870 - Null reference [template 'om/ControlGenerateJava.vm', line 293, column 38] : ${glPackageExtendedDao} cannot be resolved.
2018-03-28 12:53:53,870 - Null reference [template 'om/ControlGenerateJava.vm', line 296, column 34] : ${glPackageBaseDao} cannot be resolved.
2018-03-28 12:53:53,892 - ResourceManager : found om/java/bsbhv/BaseBhv.vm with loader org.apache.velocity.runtime.resource.loader.FileResourceLoader
2018-03-28 12:53:53,923 - ResourceManager : found om/java/bsbhv/ReferrerLoader.vm with loader org.apache.velocity.runtime.resource.loader.FileResourceLoader
2018-03-28 12:53:53,935 - ResourceManager : found om/java/bsentity/BaseEntity.vm with loader org.apache.velocity.runtime.resource.loader.FileResourceLoader
2018-03-28 12:53:53,958 - ResourceManager : found om/java/bsentity/dbmeta/DBMetaImpl.vm with loader org.apache.velocity.runtime.resource.loader.FileResourceLoader
2018-03-28 12:53:53,993 - ResourceManager : found om/java/cbean/BsConditionBean.vm with loader org.apache.velocity.runtime.resource.loader.FileResourceLoader
2018-03-28 12:53:54,021 - ResourceManager : found om/java/cbean/AbstractBsConditionQuery.vm with loader org.apache.velocity.runtime.resource.loader.FileResourceLoader
2018-03-28 12:53:54,022 - RHS of #set statement is null. Context will not be modified. om/java/cbean/AbstractBsConditionQuery.vm[line 70, column 1]
2018-03-28 12:53:54,029 - RHS of #set statement is null. Context will not be modified. om/java/cbean/AbstractBsConditionQuery.vm[line 70, column 1]
2018-03-28 12:53:54,031 - RHS of #set statement is null. Context will not be modified. om/java/cbean/AbstractBsConditionQuery.vm[line 70, column 1]
2018-03-28 12:53:54,032 - RHS of #set statement is null. Context will not be modified. om/java/cbean/AbstractBsConditionQuery.vm[line 70, column 1]
2018-03-28 12:53:54,036 - RHS of #set statement is null. Context will not be modified. om/java/cbean/AbstractBsConditionQuery.vm[line 70, column 1]
2018-03-28 12:53:54,040 - RHS of #set statement is null. Context will not be modified. om/java/cbean/AbstractBsConditionQuery.vm[line 70, column 1]
2018-03-28 12:53:54,041 - RHS of #set statement is null. Context will not be modified. om/java/cbean/AbstractBsConditionQuery.vm[line 70, column 1]
2018-03-28 12:53:54,041 - RHS of #set statement is null. Context will not be modified. om/java/cbean/AbstractBsConditionQuery.vm[line 70, column 1]
2018-03-28 12:53:54,042 - RHS of #set statement is null. Context will not be modified. om/java/cbean/AbstractBsConditionQuery.vm[line 70, column 1]
2018-03-28 12:53:54,044 - RHS of #set statement is null. Context will not be modified. om/java/cbean/AbstractBsConditionQuery.vm[line 70, column 1]
2018-03-28 12:53:54,056 - ResourceManager : found om/java/cbean/BsConditionInlineQuery.vm with loader org.apache.velocity.runtime.resource.loader.FileResourceLoader
2018-03-28 12:53:54,056 - RHS of #set statement is null. Context will not be modified. om/java/cbean/BsConditionInlineQuery.vm[line 84, column 1]
2018-03-28 12:53:54,057 - RHS of #set statement is null. Context will not be modified. om/java/cbean/BsConditionInlineQuery.vm[line 84, column 1]
2018-03-28 12:53:54,057 - RHS of #set statement is null. Context will not be modified. om/java/cbean/BsConditionInlineQuery.vm[line 84, column 1]
2018-03-28 12:53:54,057 - RHS of #set statement is null. Context will not be modified. om/java/cbean/BsConditionInlineQuery.vm[line 84, column 1]
2018-03-28 12:53:54,057 - RHS of #set statement is null. Context will not be modified. om/java/cbean/BsConditionInlineQuery.vm[line 84, column 1]
2018-03-28 12:53:54,057 - RHS of #set statement is null. Context will not be modified. om/java/cbean/BsConditionInlineQuery.vm[line 84, column 1]
2018-03-28 12:53:54,057 - RHS of #set statement is null. Context will not be modified. om/java/cbean/BsConditionInlineQuery.vm[line 84, column 1]
2018-03-28 12:53:54,057 - RHS of #set statement is null. Context will not be modified. om/java/cbean/BsConditionInlineQuery.vm[line 84, column 1]
2018-03-28 12:53:54,058 - RHS of #set statement is null. Context will not be modified. om/java/cbean/BsConditionInlineQuery.vm[line 84, column 1]
2018-03-28 12:53:54,058 - RHS of #set statement is null. Context will not be modified. om/java/cbean/BsConditionInlineQuery.vm[line 84, column 1]
2018-03-28 12:53:54,074 - ResourceManager : found om/java/cbean/BsConditionQuery.vm with loader org.apache.velocity.runtime.resource.loader.FileResourceLoader
2018-03-28 12:53:54,075 - RHS of #set statement is null. Context will not be modified. om/java/cbean/BsConditionQuery.vm[line 104, column 1]
2018-03-28 12:53:54,075 - RHS of #set statement is null. Context will not be modified. om/java/cbean/BsConditionQuery.vm[line 104, column 1]
2018-03-28 12:53:54,076 - RHS of #set statement is null. Context will not be modified. om/java/cbean/BsConditionQuery.vm[line 104, column 1]
2018-03-28 12:53:54,076 - RHS of #set statement is null. Context will not be modified. om/java/cbean/BsConditionQuery.vm[line 104, column 1]
2018-03-28 12:53:54,076 - RHS of #set statement is null. Context will not be modified. om/java/cbean/BsConditionQuery.vm[line 104, column 1]
2018-03-28 12:53:54,077 - RHS of #set statement is null. Context will not be modified. om/java/cbean/BsConditionQuery.vm[line 104, column 1]
2018-03-28 12:53:54,077 - RHS of #set statement is null. Context will not be modified. om/java/cbean/BsConditionQuery.vm[line 104, column 1]
2018-03-28 12:53:54,078 - RHS of #set statement is null. Context will not be modified. om/java/cbean/BsConditionQuery.vm[line 104, column 1]
2018-03-28 12:53:54,078 - RHS of #set statement is null. Context will not be modified. om/java/cbean/BsConditionQuery.vm[line 104, column 1]
2018-03-28 12:53:54,078 - RHS of #set statement is null. Context will not be modified. om/java/cbean/BsConditionQuery.vm[line 104, column 1]
2018-03-28 12:53:54,088 - Null reference [template 'om/ControlGenerateJava.vm', line 293, column 38] : ${glPackageExtendedDao} cannot be resolved.
2018-03-28 12:53:54,088 - Null reference [template 'om/ControlGenerateJava.vm', line 296, column 34] : ${glPackageBaseDao} cannot be resolved.
2018-03-28 12:53:54,106 - ResourceManager : found om/java/bsbhv/BaseBhv.vm with loader org.apache.velocity.runtime.resource.loader.FileResourceLoader
2018-03-28 12:53:54,162 - ResourceManager : found om/java/bsbhv/ReferrerLoader.vm with loader org.apache.velocity.runtime.resource.loader.FileResourceLoader
2018-03-28 12:53:54,175 - ResourceManager : found om/java/bsentity/BaseEntity.vm with loader org.apache.velocity.runtime.resource.loader.FileResourceLoader
2018-03-28 12:53:54,204 - ResourceManager : found om/java/bsentity/dbmeta/DBMetaImpl.vm with loader org.apache.velocity.runtime.resource.loader.FileResourceLoader
2018-03-28 12:53:54,240 - ResourceManager : found om/java/cbean/BsConditionBean.vm with loader org.apache.velocity.runtime.resource.loader.FileResourceLoader
2018-03-28 12:53:54,247 - Null reference [template 'om/java/cbean/BsConditionBean.vm', line 670, column 61] : ${relationMethodIdentityName} cannot be resolved.
2018-03-28 12:53:54,265 - ResourceManager : found om/java/cbean/AbstractBsConditionQuery.vm with loader org.apache.velocity.runtime.resource.loader.FileResourceLoader
2018-03-28 12:53:54,265 - RHS of #set statement is null. Context will not be modified. om/java/cbean/AbstractBsConditionQuery.vm[line 70, column 1]
2018-03-28 12:53:54,279 - RHS of #set statement is null. Context will not be modified. om/java/cbean/AbstractBsConditionQuery.vm[line 70, column 1]
2018-03-28 12:53:54,283 - RHS of #set statement is null. Context will not be modified. om/java/cbean/AbstractBsConditionQuery.vm[line 70, column 1]
2018-03-28 12:53:54,286 - RHS of #set statement is null. Context will not be modified. om/java/cbean/AbstractBsConditionQuery.vm[line 70, column 1]
2018-03-28 12:53:54,287 - RHS of #set statement is null. Context will not be modified. om/java/cbean/AbstractBsConditionQuery.vm[line 70, column 1]
2018-03-28 12:53:54,287 - RHS of #set statement is null. Context will not be modified. om/java/cbean/AbstractBsConditionQuery.vm[line 70, column 1]
2018-03-28 12:53:54,288 - RHS of #set statement is null. Context will not be modified. om/java/cbean/AbstractBsConditionQuery.vm[line 70, column 1]
2018-03-28 12:53:54,298 - ResourceManager : found om/java/cbean/BsConditionInlineQuery.vm with loader org.apache.velocity.runtime.resource.loader.FileResourceLoader
2018-03-28 12:53:54,299 - RHS of #set statement is null. Context will not be modified. om/java/cbean/BsConditionInlineQuery.vm[line 84, column 1]
2018-03-28 12:53:54,300 - RHS of #set statement is null. Context will not be modified. om/java/cbean/BsConditionInlineQuery.vm[line 84, column 1]
2018-03-28 12:53:54,304 - RHS of #set statement is null. Context will not be modified. om/java/cbean/BsConditionInlineQuery.vm[line 84, column 1]
2018-03-28 12:53:54,305 - RHS of #set statement is null. Context will not be modified. om/java/cbean/BsConditionInlineQuery.vm[line 84, column 1]
2018-03-28 12:53:54,305 - RHS of #set statement is null. Context will not be modified. om/java/cbean/BsConditionInlineQuery.vm[line 84, column 1]
2018-03-28 12:53:54,305 - RHS of #set statement is null. Context will not be modified. om/java/cbean/BsConditionInlineQuery.vm[line 84, column 1]
2018-03-28 12:53:54,305 - RHS of #set statement is null. Context will not be modified. om/java/cbean/BsConditionInlineQuery.vm[line 84, column 1]
2018-03-28 12:53:54,318 - ResourceManager : found om/java/cbean/BsConditionQuery.vm with loader org.apache.velocity.runtime.resource.loader.FileResourceLoader
2018-03-28 12:53:54,319 - RHS of #set statement is null. Context will not be modified. om/java/cbean/BsConditionQuery.vm[line 104, column 1]
2018-03-28 12:53:54,324 - RHS of #set statement is null. Context will not be modified. om/java/cbean/BsConditionQuery.vm[line 104, column 1]
2018-03-28 12:53:54,325 - RHS of #set statement is null. Context will not be modified. om/java/cbean/BsConditionQuery.vm[line 104, column 1]
2018-03-28 12:53:54,325 - RHS of #set statement is null. Context will not be modified. om/java/cbean/BsConditionQuery.vm[line 104, column 1]
2018-03-28 12:53:54,325 - RHS of #set statement is null. Context will not be modified. om/java/cbean/BsConditionQuery.vm[line 104, column 1]
2018-03-28 12:53:54,326 - RHS of #set statement is null. Context will not be modified. om/java/cbean/BsConditionQuery.vm[line 104, column 1]
2018-03-28 12:53:54,326 - RHS of #set statement is null. Context will not be modified. om/java/cbean/BsConditionQuery.vm[line 104, column 1]
2018-03-28 12:54:01,730 - 
2018-03-28 12:54:01,730 - DfFlutistLog4JLogSystem initialized using logfile './log/velocity.log'
2018-03-28 12:54:01,730 - Initializing Velocity, Calling init()...
2018-03-28 12:54:01,730 - *******************************************************************
2018-03-28 12:54:01,730 - Starting Apache Velocity v1.7 (compiled: 2010-11-19 12:14:37)
2018-03-28 12:54:01,730 - RuntimeInstance initializing.
2018-03-28 12:54:01,730 - Default Properties File: org\apache\velocity\runtime\defaults\velocity.properties
2018-03-28 12:54:01,730 - Trying to use logger class org.dbflute.friends.velocity.DfFlutistLog4JLogSystem
2018-03-28 12:54:01,730 - Using logger class org.dbflute.friends.velocity.DfFlutistLog4JLogSystem
2018-03-28 12:54:01,734 - Default ResourceManager initializing. (class org.apache.velocity.runtime.resource.ResourceManagerImpl)
2018-03-28 12:54:01,742 - ResourceLoader instantiated: org.apache.velocity.runtime.resource.loader.FileResourceLoader
2018-03-28 12:54:01,744 - FileResourceLoader : initialization starting.
2018-03-28 12:54:01,745 - Do unicode file recognition:  false
2018-03-28 12:54:01,745 - FileResourceLoader : adding path 'C:\pleiades\workspace\Aiolos\mydbflute\dbflute-1.1.6\templates'
2018-03-28 12:54:01,745 - FileResourceLoader : initialization complete.
2018-03-28 12:54:01,759 - ResourceCache: initialized (class org.apache.velocity.runtime.resource.ResourceCacheImpl) with class java.util.Collections$SynchronizedMap cache map.
2018-03-28 12:54:01,759 - Default ResourceManager initialization complete.
2018-03-28 12:54:01,762 - Loaded System Directive: org.apache.velocity.runtime.directive.Stop
2018-03-28 12:54:01,765 - Loaded System Directive: org.apache.velocity.runtime.directive.Define
2018-03-28 12:54:01,767 - Loaded System Directive: org.apache.velocity.runtime.directive.Break
2018-03-28 12:54:01,768 - Loaded System Directive: org.apache.velocity.runtime.directive.Evaluate
2018-03-28 12:54:01,770 - Loaded System Directive: org.apache.velocity.runtime.directive.Literal
2018-03-28 12:54:01,773 - Loaded System Directive: org.apache.velocity.runtime.directive.Macro
2018-03-28 12:54:01,777 - Loaded System Directive: org.apache.velocity.runtime.directive.Parse
2018-03-28 12:54:01,781 - Loaded System Directive: org.apache.velocity.runtime.directive.Include
2018-03-28 12:54:01,783 - Loaded System Directive: org.apache.velocity.runtime.directive.Foreach
2018-03-28 12:54:01,831 - Created '20' parsers.
2018-03-28 12:54:01,851 - Velocimacro : initialization starting.
2018-03-28 12:54:01,851 - Velocimacro : "velocimacro.library" is not set.  Trying default library: VM_global_library.vm
2018-03-28 12:54:01,851 - Velocimacro : Default library not found.
2018-03-28 12:54:01,851 - Velocimacro : allowInline = true : VMs can be defined inline in templates
2018-03-28 12:54:01,851 - Velocimacro : allowInlineToOverride = false : VMs defined inline may NOT replace previous VM definitions
2018-03-28 12:54:01,851 - Velocimacro : allowInlineLocal = false : VMs defined inline will be global in scope if allowed.
2018-03-28 12:54:01,851 - Velocimacro : autoload off : VM system will not automatically reload global library macros
2018-03-28 12:54:01,851 - Velocimacro : Velocimacro : initialization complete.
2018-03-28 12:54:01,851 - RuntimeInstance successfully initialized.
2018-03-28 12:54:01,964 - ResourceManager : found om/ControlSql2EntityJava.vm with loader org.apache.velocity.runtime.resource.loader.FileResourceLoader
2018-03-28 13:10:12,842 - 
2018-03-28 13:10:12,844 - DfFlutistLog4JLogSystem initialized using logfile './log/velocity.log'
2018-03-28 13:10:12,844 - Initializing Velocity, Calling init()...
2018-03-28 13:10:12,844 - *******************************************************************
2018-03-28 13:10:12,844 - Starting Apache Velocity v1.7 (compiled: 2010-11-19 12:14:37)
2018-03-28 13:10:12,844 - RuntimeInstance initializing.
2018-03-28 13:10:12,844 - Default Properties File: org\apache\velocity\runtime\defaults\velocity.properties
2018-03-28 13:10:12,844 - Trying to use logger class org.dbflute.friends.velocity.DfFlutistLog4JLogSystem
2018-03-28 13:10:12,844 - Using logger class org.dbflute.friends.velocity.DfFlutistLog4JLogSystem
2018-03-28 13:10:12,850 - Default ResourceManager initializing. (class org.apache.velocity.runtime.resource.ResourceManagerImpl)
2018-03-28 13:10:12,863 - ResourceLoader instantiated: org.apache.velocity.runtime.resource.loader.FileResourceLoader
2018-03-28 13:10:12,867 - FileResourceLoader : initialization starting.
2018-03-28 13:10:12,867 - Do unicode file recognition:  false
2018-03-28 13:10:12,867 - FileResourceLoader : adding path 'C:\pleiades\workspace\Aiolos\mydbflute\dbflute-1.1.6\templates'
2018-03-28 13:10:12,867 - FileResourceLoader : initialization complete.
2018-03-28 13:10:12,896 - ResourceCache: initialized (class org.apache.velocity.runtime.resource.ResourceCacheImpl) with class java.util.Collections$SynchronizedMap cache map.
2018-03-28 13:10:12,896 - Default ResourceManager initialization complete.
2018-03-28 13:10:12,903 - Loaded System Directive: org.apache.velocity.runtime.directive.Stop
2018-03-28 13:10:12,909 - Loaded System Directive: org.apache.velocity.runtime.directive.Define
2018-03-28 13:10:12,912 - Loaded System Directive: org.apache.velocity.runtime.directive.Break
2018-03-28 13:10:12,918 - Loaded System Directive: org.apache.velocity.runtime.directive.Evaluate
2018-03-28 13:10:12,922 - Loaded System Directive: org.apache.velocity.runtime.directive.Literal
2018-03-28 13:10:12,928 - Loaded System Directive: org.apache.velocity.runtime.directive.Macro
2018-03-28 13:10:12,934 - Loaded System Directive: org.apache.velocity.runtime.directive.Parse
2018-03-28 13:10:12,940 - Loaded System Directive: org.apache.velocity.runtime.directive.Include
2018-03-28 13:10:12,944 - Loaded System Directive: org.apache.velocity.runtime.directive.Foreach
2018-03-28 13:10:13,043 - Created '20' parsers.
2018-03-28 13:10:13,077 - Velocimacro : initialization starting.
2018-03-28 13:10:13,077 - Velocimacro : "velocimacro.library" is not set.  Trying default library: VM_global_library.vm
2018-03-28 13:10:13,077 - Velocimacro : Default library not found.
2018-03-28 13:10:13,077 - Velocimacro : allowInline = true : VMs can be defined inline in templates
2018-03-28 13:10:13,077 - Velocimacro : allowInlineToOverride = false : VMs defined inline may NOT replace previous VM definitions
2018-03-28 13:10:13,077 - Velocimacro : allowInlineLocal = false : VMs defined inline will be global in scope if allowed.
2018-03-28 13:10:13,077 - Velocimacro : autoload off : VM system will not automatically reload global library macros
2018-03-28 13:10:13,077 - Velocimacro : Velocimacro : initialization complete.
2018-03-28 13:10:13,077 - RuntimeInstance successfully initialized.
2018-03-28 13:10:13,141 - ResourceManager : found doc/ControlDocument.vm with loader org.apache.velocity.runtime.resource.loader.FileResourceLoader
2018-03-28 13:10:13,584 - Velocimacro : added VM escapeDecommentJsonComment: source=doc/html/datamodel.vm
2018-03-28 13:10:13,586 - ResourceManager : found doc/html/datamodel.vm with loader org.apache.velocity.runtime.resource.loader.FileResourceLoader
2018-03-28 13:10:13,698 - ResourceManager : found doc/html/table.vm with loader org.apache.velocity.runtime.resource.loader.FileResourceLoader
2018-03-28 13:10:14,184 - ResourceManager : found doc/html/table.vm with loader org.apache.velocity.runtime.resource.loader.FileResourceLoader
2018-03-28 13:10:14,209 - ResourceManager : found doc/html/table.vm with loader org.apache.velocity.runtime.resource.loader.FileResourceLoader
2018-03-28 13:10:14,308 - ResourceManager : found doc/html/diffmodel.vm with loader org.apache.velocity.runtime.resource.loader.FileResourceLoader
2018-03-28 13:10:22,958 - 
2018-03-28 13:10:22,958 - DfFlutistLog4JLogSystem initialized using logfile './log/velocity.log'
2018-03-28 13:10:22,958 - Initializing Velocity, Calling init()...
2018-03-28 13:10:22,958 - *******************************************************************
2018-03-28 13:10:22,958 - Starting Apache Velocity v1.7 (compiled: 2010-11-19 12:14:37)
2018-03-28 13:10:22,958 - RuntimeInstance initializing.
2018-03-28 13:10:22,958 - Default Properties File: org\apache\velocity\runtime\defaults\velocity.properties
2018-03-28 13:10:22,958 - Trying to use logger class org.dbflute.friends.velocity.DfFlutistLog4JLogSystem
2018-03-28 13:10:22,958 - Using logger class org.dbflute.friends.velocity.DfFlutistLog4JLogSystem
2018-03-28 13:10:22,963 - Default ResourceManager initializing. (class org.apache.velocity.runtime.resource.ResourceManagerImpl)
2018-03-28 13:10:22,974 - ResourceLoader instantiated: org.apache.velocity.runtime.resource.loader.FileResourceLoader
2018-03-28 13:10:22,978 - FileResourceLoader : initialization starting.
2018-03-28 13:10:22,978 - Do unicode file recognition:  false
2018-03-28 13:10:22,978 - FileResourceLoader : adding path 'C:\pleiades\workspace\Aiolos\mydbflute\dbflute-1.1.6\templates'
2018-03-28 13:10:22,978 - FileResourceLoader : initialization complete.
2018-03-28 13:10:23,002 - ResourceCache: initialized (class org.apache.velocity.runtime.resource.ResourceCacheImpl) with class java.util.Collections$SynchronizedMap cache map.
2018-03-28 13:10:23,002 - Default ResourceManager initialization complete.
2018-03-28 13:10:23,007 - Loaded System Directive: org.apache.velocity.runtime.directive.Stop
2018-03-28 13:10:23,011 - Loaded System Directive: org.apache.velocity.runtime.directive.Define
2018-03-28 13:10:23,014 - Loaded System Directive: org.apache.velocity.runtime.directive.Break
2018-03-28 13:10:23,016 - Loaded System Directive: org.apache.velocity.runtime.directive.Evaluate
2018-03-28 13:10:23,018 - Loaded System Directive: org.apache.velocity.runtime.directive.Literal
2018-03-28 13:10:23,022 - Loaded System Directive: org.apache.velocity.runtime.directive.Macro
2018-03-28 13:10:23,026 - Loaded System Directive: org.apache.velocity.runtime.directive.Parse
2018-03-28 13:10:23,031 - Loaded System Directive: org.apache.velocity.runtime.directive.Include
2018-03-28 13:10:23,034 - Loaded System Directive: org.apache.velocity.runtime.directive.Foreach
2018-03-28 13:10:23,105 - Created '20' parsers.
2018-03-28 13:10:23,132 - Velocimacro : initialization starting.
2018-03-28 13:10:23,132 - Velocimacro : "velocimacro.library" is not set.  Trying default library: VM_global_library.vm
2018-03-28 13:10:23,132 - Velocimacro : Default library not found.
2018-03-28 13:10:23,133 - Velocimacro : allowInline = true : VMs can be defined inline in templates
2018-03-28 13:10:23,133 - Velocimacro : allowInlineToOverride = false : VMs defined inline may NOT replace previous VM definitions
2018-03-28 13:10:23,133 - Velocimacro : allowInlineLocal = false : VMs defined inline will be global in scope if allowed.
2018-03-28 13:10:23,133 - Velocimacro : autoload off : VM system will not automatically reload global library macros
2018-03-28 13:10:23,133 - Velocimacro : Velocimacro : initialization complete.
2018-03-28 13:10:23,133 - RuntimeInstance successfully initialized.
2018-03-28 13:10:23,338 - ResourceManager : found om/ControlGenerateJava.vm with loader org.apache.velocity.runtime.resource.loader.FileResourceLoader
2018-03-28 13:10:23,578 - ResourceManager : found om/java/allcommon/DBCurrent.vm with loader org.apache.velocity.runtime.resource.loader.FileResourceLoader
2018-03-28 13:10:23,630 - ResourceManager : found om/java/allcommon/DBFluteConfig.vm with loader org.apache.velocity.runtime.resource.loader.FileResourceLoader
2018-03-28 13:10:23,653 - Null reference [template 'om/java/allcommon/DBFluteConfig.vm', line 1144, column 59] : $PoolGuardConnectionWrapper cannot be resolved.
2018-03-28 13:10:23,713 - ResourceManager : found om/java/allcommon/DBFluteInitializer.vm with loader org.apache.velocity.runtime.resource.loader.FileResourceLoader
2018-03-28 13:10:23,753 - ResourceManager : found om/java/allcommon/DBMetaInstanceHandler.vm with loader org.apache.velocity.runtime.resource.loader.FileResourceLoader
2018-03-28 13:10:23,807 - ResourceManager : found om/java/allcommon/EntityDefinedCommonColumn.vm with loader org.apache.velocity.runtime.resource.loader.FileResourceLoader
2018-03-28 13:10:23,858 - ResourceManager : found om/java/allcommon/ImplementedBehaviorSelector.vm with loader org.apache.velocity.runtime.resource.loader.FileResourceLoader
2018-03-28 13:10:23,894 - ResourceManager : found om/java/allcommon/ImplementedCommonColumnAutoSetupper.vm with loader org.apache.velocity.runtime.resource.loader.FileResourceLoader
2018-03-28 13:10:23,944 - ResourceManager : found om/java/allcommon/ImplementedInvokerAssistant.vm with loader org.apache.velocity.runtime.resource.loader.FileResourceLoader
2018-03-28 13:10:24,002 - ResourceManager : found om/java/allcommon/ImplementedSqlClauseCreator.vm with loader org.apache.velocity.runtime.resource.loader.FileResourceLoader
2018-03-28 13:10:24,038 - ResourceManager : found om/java/allcommon/container/spring/SpringDBFluteBeans.vm with loader org.apache.velocity.runtime.resource.loader.FileResourceLoader
2018-03-28 13:10:24,152 - Null reference [template 'om/ControlGenerateJava.vm', line 293, column 38] : ${glPackageExtendedDao} cannot be resolved.
2018-03-28 13:10:24,153 - Null reference [template 'om/ControlGenerateJava.vm', line 296, column 34] : ${glPackageBaseDao} cannot be resolved.
2018-03-28 13:10:24,235 - ResourceManager : found om/java/bsbhv/BaseBhv.vm with loader org.apache.velocity.runtime.resource.loader.FileResourceLoader
2018-03-28 13:10:24,310 - ResourceManager : found om/java/bsbhv/ReferrerLoader.vm with loader org.apache.velocity.runtime.resource.loader.FileResourceLoader
2018-03-28 13:10:24,390 - ResourceManager : found om/java/bsentity/BaseEntity.vm with loader org.apache.velocity.runtime.resource.loader.FileResourceLoader
2018-03-28 13:10:24,526 - ResourceManager : found om/java/bsentity/dbmeta/DBMetaImpl.vm with loader org.apache.velocity.runtime.resource.loader.FileResourceLoader
2018-03-28 13:10:25,060 - ResourceManager : found om/java/cbean/BsConditionBean.vm with loader org.apache.velocity.runtime.resource.loader.FileResourceLoader
2018-03-28 13:10:25,186 - ResourceManager : found om/java/cbean/AbstractBsConditionQuery.vm with loader org.apache.velocity.runtime.resource.loader.FileResourceLoader
2018-03-28 13:10:25,199 - RHS of #set statement is null. Context will not be modified. om/java/cbean/AbstractBsConditionQuery.vm[line 70, column 1]
2018-03-28 13:10:25,205 - RHS of #set statement is null. Context will not be modified. om/java/cbean/AbstractBsConditionQuery.vm[line 70, column 1]
2018-03-28 13:10:25,208 - RHS of #set statement is null. Context will not be modified. om/java/cbean/AbstractBsConditionQuery.vm[line 70, column 1]
2018-03-28 13:10:25,214 - RHS of #set statement is null. Context will not be modified. om/java/cbean/AbstractBsConditionQuery.vm[line 70, column 1]
2018-03-28 13:10:25,257 - ResourceManager : found om/java/cbean/BsConditionInlineQuery.vm with loader org.apache.velocity.runtime.resource.loader.FileResourceLoader
2018-03-28 13:10:25,257 - RHS of #set statement is null. Context will not be modified. om/java/cbean/BsConditionInlineQuery.vm[line 84, column 1]
2018-03-28 13:10:25,257 - RHS of #set statement is null. Context will not be modified. om/java/cbean/BsConditionInlineQuery.vm[line 84, column 1]
2018-03-28 13:10:25,257 - RHS of #set statement is null. Context will not be modified. om/java/cbean/BsConditionInlineQuery.vm[line 84, column 1]
2018-03-28 13:10:25,260 - RHS of #set statement is null. Context will not be modified. om/java/cbean/BsConditionInlineQuery.vm[line 84, column 1]
2018-03-28 13:10:25,319 - ResourceManager : found om/java/cbean/BsConditionQuery.vm with loader org.apache.velocity.runtime.resource.loader.FileResourceLoader
2018-03-28 13:10:25,322 - RHS of #set statement is null. Context will not be modified. om/java/cbean/BsConditionQuery.vm[line 104, column 1]
2018-03-28 13:10:25,324 - RHS of #set statement is null. Context will not be modified. om/java/cbean/BsConditionQuery.vm[line 104, column 1]
2018-03-28 13:10:25,327 - RHS of #set statement is null. Context will not be modified. om/java/cbean/BsConditionQuery.vm[line 104, column 1]
2018-03-28 13:10:25,328 - RHS of #set statement is null. Context will not be modified. om/java/cbean/BsConditionQuery.vm[line 104, column 1]
2018-03-28 13:10:25,360 - ResourceManager : found om/java/cbean/NestSelectSetupper.vm with loader org.apache.velocity.runtime.resource.loader.FileResourceLoader
2018-03-28 13:10:25,366 - Null reference [template 'om/ControlGenerateJava.vm', line 293, column 38] : ${glPackageExtendedDao} cannot be resolved.
2018-03-28 13:10:25,367 - Null reference [template 'om/ControlGenerateJava.vm', line 296, column 34] : ${glPackageBaseDao} cannot be resolved.
2018-03-28 13:10:25,388 - ResourceManager : found om/java/bsbhv/BaseBhv.vm with loader org.apache.velocity.runtime.resource.loader.FileResourceLoader
2018-03-28 13:10:25,439 - ResourceManager : found om/java/bsbhv/ReferrerLoader.vm with loader org.apache.velocity.runtime.resource.loader.FileResourceLoader
2018-03-28 13:10:25,501 - ResourceManager : found om/java/bsentity/BaseEntity.vm with loader org.apache.velocity.runtime.resource.loader.FileResourceLoader
2018-03-28 13:10:25,596 - ResourceManager : found om/java/bsentity/dbmeta/DBMetaImpl.vm with loader org.apache.velocity.runtime.resource.loader.FileResourceLoader
2018-03-28 13:10:25,656 - ResourceManager : found om/java/cbean/BsConditionBean.vm with loader org.apache.velocity.runtime.resource.loader.FileResourceLoader
2018-03-28 13:10:25,727 - ResourceManager : found om/java/cbean/AbstractBsConditionQuery.vm with loader org.apache.velocity.runtime.resource.loader.FileResourceLoader
2018-03-28 13:10:25,729 - RHS of #set statement is null. Context will not be modified. om/java/cbean/AbstractBsConditionQuery.vm[line 70, column 1]
2018-03-28 13:10:25,738 - RHS of #set statement is null. Context will not be modified. om/java/cbean/AbstractBsConditionQuery.vm[line 70, column 1]
2018-03-28 13:10:25,743 - RHS of #set statement is null. Context will not be modified. om/java/cbean/AbstractBsConditionQuery.vm[line 70, column 1]
2018-03-28 13:10:25,745 - RHS of #set statement is null. Context will not be modified. om/java/cbean/AbstractBsConditionQuery.vm[line 70, column 1]
2018-03-28 13:10:25,748 - RHS of #set statement is null. Context will not be modified. om/java/cbean/AbstractBsConditionQuery.vm[line 70, column 1]
2018-03-28 13:10:25,750 - RHS of #set statement is null. Context will not be modified. om/java/cbean/AbstractBsConditionQuery.vm[line 70, column 1]
2018-03-28 13:10:25,752 - RHS of #set statement is null. Context will not be modified. om/java/cbean/AbstractBsConditionQuery.vm[line 70, column 1]
2018-03-28 13:10:25,752 - RHS of #set statement is null. Context will not be modified. om/java/cbean/AbstractBsConditionQuery.vm[line 70, column 1]
2018-03-28 13:10:25,753 - RHS of #set statement is null. Context will not be modified. om/java/cbean/AbstractBsConditionQuery.vm[line 70, column 1]
2018-03-28 13:10:25,756 - RHS of #set statement is null. Context will not be modified. om/java/cbean/AbstractBsConditionQuery.vm[line 70, column 1]
2018-03-28 13:10:25,790 - ResourceManager : found om/java/cbean/BsConditionInlineQuery.vm with loader org.apache.velocity.runtime.resource.loader.FileResourceLoader
2018-03-28 13:10:25,790 - RHS of #set statement is null. Context will not be modified. om/java/cbean/BsConditionInlineQuery.vm[line 84, column 1]
2018-03-28 13:10:25,790 - RHS of #set statement is null. Context will not be modified. om/java/cbean/BsConditionInlineQuery.vm[line 84, column 1]
2018-03-28 13:10:25,791 - RHS of #set statement is null. Context will not be modified. om/java/cbean/BsConditionInlineQuery.vm[line 84, column 1]
2018-03-28 13:10:25,791 - RHS of #set statement is null. Context will not be modified. om/java/cbean/BsConditionInlineQuery.vm[line 84, column 1]
2018-03-28 13:10:25,791 - RHS of #set statement is null. Context will not be modified. om/java/cbean/BsConditionInlineQuery.vm[line 84, column 1]
2018-03-28 13:10:25,791 - RHS of #set statement is null. Context will not be modified. om/java/cbean/BsConditionInlineQuery.vm[line 84, column 1]
2018-03-28 13:10:25,791 - RHS of #set statement is null. Context will not be modified. om/java/cbean/BsConditionInlineQuery.vm[line 84, column 1]
2018-03-28 13:10:25,791 - RHS of #set statement is null. Context will not be modified. om/java/cbean/BsConditionInlineQuery.vm[line 84, column 1]
2018-03-28 13:10:25,791 - RHS of #set statement is null. Context will not be modified. om/java/cbean/BsConditionInlineQuery.vm[line 84, column 1]
2018-03-28 13:10:25,791 - RHS of #set statement is null. Context will not be modified. om/java/cbean/BsConditionInlineQuery.vm[line 84, column 1]
2018-03-28 13:10:25,806 - ResourceManager : found om/java/cbean/BsConditionQuery.vm with loader org.apache.velocity.runtime.resource.loader.FileResourceLoader
2018-03-28 13:10:25,807 - RHS of #set statement is null. Context will not be modified. om/java/cbean/BsConditionQuery.vm[line 104, column 1]
2018-03-28 13:10:25,807 - RHS of #set statement is null. Context will not be modified. om/java/cbean/BsConditionQuery.vm[line 104, column 1]
2018-03-28 13:10:25,808 - RHS of #set statement is null. Context will not be modified. om/java/cbean/BsConditionQuery.vm[line 104, column 1]
2018-03-28 13:10:25,808 - RHS of #set statement is null. Context will not be modified. om/java/cbean/BsConditionQuery.vm[line 104, column 1]
2018-03-28 13:10:25,808 - RHS of #set statement is null. Context will not be modified. om/java/cbean/BsConditionQuery.vm[line 104, column 1]
2018-03-28 13:10:25,808 - RHS of #set statement is null. Context will not be modified. om/java/cbean/BsConditionQuery.vm[line 104, column 1]
2018-03-28 13:10:25,809 - RHS of #set statement is null. Context will not be modified. om/java/cbean/BsConditionQuery.vm[line 104, column 1]
2018-03-28 13:10:25,809 - RHS of #set statement is null. Context will not be modified. om/java/cbean/BsConditionQuery.vm[line 104, column 1]
2018-03-28 13:10:25,809 - RHS of #set statement is null. Context will not be modified. om/java/cbean/BsConditionQuery.vm[line 104, column 1]
2018-03-28 13:10:25,809 - RHS of #set statement is null. Context will not be modified. om/java/cbean/BsConditionQuery.vm[line 104, column 1]
2018-03-28 13:10:25,830 - Null reference [template 'om/ControlGenerateJava.vm', line 293, column 38] : ${glPackageExtendedDao} cannot be resolved.
2018-03-28 13:10:25,831 - Null reference [template 'om/ControlGenerateJava.vm', line 296, column 34] : ${glPackageBaseDao} cannot be resolved.
2018-03-28 13:10:25,855 - ResourceManager : found om/java/bsbhv/BaseBhv.vm with loader org.apache.velocity.runtime.resource.loader.FileResourceLoader
2018-03-28 13:10:25,924 - ResourceManager : found om/java/bsbhv/ReferrerLoader.vm with loader org.apache.velocity.runtime.resource.loader.FileResourceLoader
2018-03-28 13:10:25,970 - ResourceManager : found om/java/bsentity/BaseEntity.vm with loader org.apache.velocity.runtime.resource.loader.FileResourceLoader
2018-03-28 13:10:25,999 - ResourceManager : found om/java/bsentity/dbmeta/DBMetaImpl.vm with loader org.apache.velocity.runtime.resource.loader.FileResourceLoader
2018-03-28 13:10:26,045 - ResourceManager : found om/java/cbean/BsConditionBean.vm with loader org.apache.velocity.runtime.resource.loader.FileResourceLoader
2018-03-28 13:10:26,062 - Null reference [template 'om/java/cbean/BsConditionBean.vm', line 670, column 61] : ${relationMethodIdentityName} cannot be resolved.
2018-03-28 13:10:26,142 - ResourceManager : found om/java/cbean/AbstractBsConditionQuery.vm with loader org.apache.velocity.runtime.resource.loader.FileResourceLoader
2018-03-28 13:10:26,143 - RHS of #set statement is null. Context will not be modified. om/java/cbean/AbstractBsConditionQuery.vm[line 70, column 1]
2018-03-28 13:10:26,172 - RHS of #set statement is null. Context will not be modified. om/java/cbean/AbstractBsConditionQuery.vm[line 70, column 1]
2018-03-28 13:10:26,179 - RHS of #set statement is null. Context will not be modified. om/java/cbean/AbstractBsConditionQuery.vm[line 70, column 1]
2018-03-28 13:10:26,183 - RHS of #set statement is null. Context will not be modified. om/java/cbean/AbstractBsConditionQuery.vm[line 70, column 1]
2018-03-28 13:10:26,187 - RHS of #set statement is null. Context will not be modified. om/java/cbean/AbstractBsConditionQuery.vm[line 70, column 1]
2018-03-28 13:10:26,187 - RHS of #set statement is null. Context will not be modified. om/java/cbean/AbstractBsConditionQuery.vm[line 70, column 1]
2018-03-28 13:10:26,189 - RHS of #set statement is null. Context will not be modified. om/java/cbean/AbstractBsConditionQuery.vm[line 70, column 1]
2018-03-28 13:10:26,218 - ResourceManager : found om/java/cbean/BsConditionInlineQuery.vm with loader org.apache.velocity.runtime.resource.loader.FileResourceLoader
2018-03-28 13:10:26,219 - RHS of #set statement is null. Context will not be modified. om/java/cbean/BsConditionInlineQuery.vm[line 84, column 1]
2018-03-28 13:10:26,221 - RHS of #set statement is null. Context will not be modified. om/java/cbean/BsConditionInlineQuery.vm[line 84, column 1]
2018-03-28 13:10:26,222 - RHS of #set statement is null. Context will not be modified. om/java/cbean/BsConditionInlineQuery.vm[line 84, column 1]
2018-03-28 13:10:26,222 - RHS of #set statement is null. Context will not be modified. om/java/cbean/BsConditionInlineQuery.vm[line 84, column 1]
2018-03-28 13:10:26,222 - RHS of #set statement is null. Context will not be modified. om/java/cbean/BsConditionInlineQuery.vm[line 84, column 1]
2018-03-28 13:10:26,222 - RHS of #set statement is null. Context will not be modified. om/java/cbean/BsConditionInlineQuery.vm[line 84, column 1]
2018-03-28 13:10:26,222 - RHS of #set statement is null. Context will not be modified. om/java/cbean/BsConditionInlineQuery.vm[line 84, column 1]
2018-03-28 13:10:26,243 - ResourceManager : found om/java/cbean/BsConditionQuery.vm with loader org.apache.velocity.runtime.resource.loader.FileResourceLoader
2018-03-28 13:10:26,244 - RHS of #set statement is null. Context will not be modified. om/java/cbean/BsConditionQuery.vm[line 104, column 1]
2018-03-28 13:10:26,247 - RHS of #set statement is null. Context will not be modified. om/java/cbean/BsConditionQuery.vm[line 104, column 1]
2018-03-28 13:10:26,248 - RHS of #set statement is null. Context will not be modified. om/java/cbean/BsConditionQuery.vm[line 104, column 1]
2018-03-28 13:10:26,248 - RHS of #set statement is null. Context will not be modified. om/java/cbean/BsConditionQuery.vm[line 104, column 1]
2018-03-28 13:10:26,248 - RHS of #set statement is null. Context will not be modified. om/java/cbean/BsConditionQuery.vm[line 104, column 1]
2018-03-28 13:10:26,248 - RHS of #set statement is null. Context will not be modified. om/java/cbean/BsConditionQuery.vm[line 104, column 1]
2018-03-28 13:10:26,248 - RHS of #set statement is null. Context will not be modified. om/java/cbean/BsConditionQuery.vm[line 104, column 1]
2018-03-28 13:10:34,191 - 
2018-03-28 13:10:34,191 - DfFlutistLog4JLogSystem initialized using logfile './log/velocity.log'
2018-03-28 13:10:34,191 - Initializing Velocity, Calling init()...
2018-03-28 13:10:34,191 - *******************************************************************
2018-03-28 13:10:34,191 - Starting Apache Velocity v1.7 (compiled: 2010-11-19 12:14:37)
2018-03-28 13:10:34,191 - RuntimeInstance initializing.
2018-03-28 13:10:34,191 - Default Properties File: org\apache\velocity\runtime\defaults\velocity.properties
2018-03-28 13:10:34,191 - Trying to use logger class org.dbflute.friends.velocity.DfFlutistLog4JLogSystem
2018-03-28 13:10:34,191 - Using logger class org.dbflute.friends.velocity.DfFlutistLog4JLogSystem
2018-03-28 13:10:34,207 - Default ResourceManager initializing. (class org.apache.velocity.runtime.resource.ResourceManagerImpl)
2018-03-28 13:10:34,227 - ResourceLoader instantiated: org.apache.velocity.runtime.resource.loader.FileResourceLoader
2018-03-28 13:10:34,232 - FileResourceLoader : initialization starting.
2018-03-28 13:10:34,232 - Do unicode file recognition:  false
2018-03-28 13:10:34,233 - FileResourceLoader : adding path 'C:\pleiades\workspace\Aiolos\mydbflute\dbflute-1.1.6\templates'
2018-03-28 13:10:34,233 - FileResourceLoader : initialization complete.
2018-03-28 13:10:34,266 - ResourceCache: initialized (class org.apache.velocity.runtime.resource.ResourceCacheImpl) with class java.util.Collections$SynchronizedMap cache map.
2018-03-28 13:10:34,266 - Default ResourceManager initialization complete.
2018-03-28 13:10:34,272 - Loaded System Directive: org.apache.velocity.runtime.directive.Stop
2018-03-28 13:10:34,283 - Loaded System Directive: org.apache.velocity.runtime.directive.Define
2018-03-28 13:10:34,286 - Loaded System Directive: org.apache.velocity.runtime.directive.Break
2018-03-28 13:10:34,289 - Loaded System Directive: org.apache.velocity.runtime.directive.Evaluate
2018-03-28 13:10:34,291 - Loaded System Directive: org.apache.velocity.runtime.directive.Literal
2018-03-28 13:10:34,296 - Loaded System Directive: org.apache.velocity.runtime.directive.Macro
2018-03-28 13:10:34,301 - Loaded System Directive: org.apache.velocity.runtime.directive.Parse
2018-03-28 13:10:34,306 - Loaded System Directive: org.apache.velocity.runtime.directive.Include
2018-03-28 13:10:34,309 - Loaded System Directive: org.apache.velocity.runtime.directive.Foreach
2018-03-28 13:10:34,381 - Created '20' parsers.
2018-03-28 13:10:34,420 - Velocimacro : initialization starting.
2018-03-28 13:10:34,420 - Velocimacro : "velocimacro.library" is not set.  Trying default library: VM_global_library.vm
2018-03-28 13:10:34,420 - Velocimacro : Default library not found.
2018-03-28 13:10:34,420 - Velocimacro : allowInline = true : VMs can be defined inline in templates
2018-03-28 13:10:34,420 - Velocimacro : allowInlineToOverride = false : VMs defined inline may NOT replace previous VM definitions
2018-03-28 13:10:34,420 - Velocimacro : allowInlineLocal = false : VMs defined inline will be global in scope if allowed.
2018-03-28 13:10:34,420 - Velocimacro : autoload off : VM system will not automatically reload global library macros
2018-03-28 13:10:34,421 - Velocimacro : Velocimacro : initialization complete.
2018-03-28 13:10:34,421 - RuntimeInstance successfully initialized.
2018-03-28 13:10:34,582 - ResourceManager : found om/ControlSql2EntityJava.vm with loader org.apache.velocity.runtime.resource.loader.FileResourceLoader
